[07/11/2020 14:32:18 (UTC)] - [Log] - [GameManager.cs] - [TileClicked]:	clicked (14,2)
[07/11/2020 14:32:19 (UTC)] - [Log] - [GameManager.cs] - [TileClicked]:	clicked (8,8)
[07/11/2020 14:32:19 (UTC)] - [Log] - [GameManager.cs] - [TileClicked]:	move 14,2 to 8,8
[07/11/2020 14:32:20 (UTC)] - [Log] - [GameManager.cs] - [TileClicked]:	clicked (0,13)
[07/11/2020 14:32:20 (UTC)] - [Log] - [GameManager.cs] - [TileClicked]:	clicked (0,12)
[07/11/2020 14:32:20 (UTC)] - [Log] - [GameManager.cs] - [TileClicked]:	move 0,13 to 0,12
[07/11/2020 14:32:21 (UTC)] - [Log] - [GameManager.cs] - [TileClicked]:	clicked (0,2)
[07/11/2020 14:32:22 (UTC)] - [Log] - [GameManager.cs] - [TileClicked]:	clicked (0,3)
[07/11/2020 14:32:22 (UTC)] - [Log] - [GameManager.cs] - [TileClicked]:	move 0,2 to 0,3
[07/11/2020 14:32:23 (UTC)] - [Log] - [GameManager.cs] - [TileClicked]:	clicked (13,15)
[07/11/2020 14:32:23 (UTC)] - [Log] - [GameManager.cs] - [TileClicked]:	clicked (12,15)
[07/11/2020 14:32:23 (UTC)] - [Log] - [GameManager.cs] - [TileClicked]:	move 13,15 to 12,15
[07/11/2020 14:32:27 (UTC)] - [Log] - [GameManager.cs] - [TileClicked]:	clicked (8,8)
[07/11/2020 14:32:28 (UTC)] - [Log] - [GameManager.cs] - [TileClicked]:	clicked (7,7)
[07/11/2020 14:32:28 (UTC)] - [Log] - [GameManager.cs] - [TileClicked]:	move 8,8 to 7,7
[07/11/2020 14:32:33 (UTC)] - [Log] - [GameManager.cs] - [TileClicked]:	clicked (2,14)
[07/11/2020 14:32:33 (UTC)] - [Log] - [GameManager.cs] - [TileClicked]:	clicked (8,8)
[07/11/2020 14:32:33 (UTC)] - [Log] - [GameManager.cs] - [TileClicked]:	move 2,14 to 8,8
[07/11/2020 14:32:35 (UTC)] - [Log] - [GameManager.cs] - [TileClicked]:	clicked (1,2)
[07/11/2020 14:32:39 (UTC)] - [Log] - [GameManager.cs] - [TileClicked]:	clicked (1,2)
[07/11/2020 14:32:39 (UTC)] - [Log] - [GameManager.cs] - [TileClicked]:	move 1,2 to 1,2
[07/11/2020 14:32:39 (UTC)] - [Log] - [GameManager.cs] - [BishopCanMove]:	cannot move bishop from (1,2) to (1,2)
[07/11/2020 14:32:39 (UTC)] - [Log] - [GameManager.cs] - [TileClicked]:	clicked (2,1)
[07/11/2020 14:32:41 (UTC)] - [Log] - [GameManager.cs] - [TileClicked]:	clicked (9,7)
[07/11/2020 14:32:41 (UTC)] - [Log] - [GameManager.cs] - [TileClicked]:	move 2,1 to 9,7
[07/11/2020 14:32:41 (UTC)] - [Log] - [GameManager.cs] - [BishopCanMove]:	cannot move bishop from (2,1) to (9,7)
[07/11/2020 14:32:44 (UTC)] - [Log] - [GameManager.cs] - [TileClicked]:	clicked (2,1)
[07/11/2020 14:32:48 (UTC)] - [Log] - [GameManager.cs] - [TileClicked]:	clicked (2,1)
[07/11/2020 14:32:48 (UTC)] - [Log] - [GameManager.cs] - [TileClicked]:	move 2,1 to 2,1
[07/11/2020 14:32:48 (UTC)] - [Log] - [GameManager.cs] - [BishopCanMove]:	cannot move bishop from (2,1) to (2,1)
[07/11/2020 14:32:51 (UTC)] - [Log] - [GameManager.cs] - [TileClicked]:	clicked (3,8)
[07/11/2020 14:32:53 (UTC)] - [Log] - [GameManager.cs] - [TileClicked]:	clicked (13,14)
[07/11/2020 14:32:55 (UTC)] - [Log] - [GameManager.cs] - [TileClicked]:	clicked (1,2)
[07/11/2020 14:32:57 (UTC)] - [Log] - [GameManager.cs] - [TileClicked]:	clicked (0,3)
[07/11/2020 14:32:57 (UTC)] - [Log] - [GameManager.cs] - [TileClicked]:	move 1,2 to 0,3
[07/11/2020 14:32:57 (UTC)] - [Log] - [GameManager.cs] - [Move]:	Red Bishop eats Red Rook
[07/11/2020 14:34:17 (UTC)] - [Log] - [GameManager.cs] - [TileClicked]:	clicked (2,14)
[07/11/2020 14:34:17 (UTC)] - [Log] - [GameManager.cs] - [TileClicked]:	clicked (8,8)
[07/11/2020 14:34:17 (UTC)] - [Log] - [GameManager.cs] - [TileClicked]:	move 2,14 to 8,8
[07/11/2020 14:34:19 (UTC)] - [Log] - [GameManager.cs] - [TileClicked]:	clicked (0,2)
[07/11/2020 14:34:19 (UTC)] - [Log] - [GameManager.cs] - [TileClicked]:	clicked (0,3)
[07/11/2020 14:34:19 (UTC)] - [Log] - [GameManager.cs] - [TileClicked]:	move 0,2 to 0,3
[07/11/2020 14:34:20 (UTC)] - [Log] - [GameManager.cs] - [TileClicked]:	clicked (13,15)
[07/11/2020 14:34:20 (UTC)] - [Log] - [GameManager.cs] - [TileClicked]:	clicked (12,15)
[07/11/2020 14:34:20 (UTC)] - [Log] - [GameManager.cs] - [TileClicked]:	move 13,15 to 12,15
[07/11/2020 14:34:22 (UTC)] - [Log] - [GameManager.cs] - [TileClicked]:	clicked (15,2)
[07/11/2020 14:34:22 (UTC)] - [Log] - [GameManager.cs] - [TileClicked]:	clicked (15,3)
[07/11/2020 14:34:22 (UTC)] - [Log] - [GameManager.cs] - [TileClicked]:	move 15,2 to 15,3
[07/11/2020 14:34:28 (UTC)] - [Log] - [GameManager.cs] - [TileClicked]:	clicked (8,8)
[07/11/2020 14:34:29 (UTC)] - [Log] - [GameManager.cs] - [TileClicked]:	clicked (7,7)
[07/11/2020 14:34:29 (UTC)] - [Log] - [GameManager.cs] - [TileClicked]:	move 8,8 to 7,7
[07/11/2020 14:34:29 (UTC)] - [Log] - [GameManager.cs] - [IsBlocked]:	None (7,7) in the way!
[07/11/2020 14:34:58 (UTC)] - [Log] - [GameManager.cs] - [TileClicked]:	clicked (15,2)
[07/11/2020 14:34:59 (UTC)] - [Log] - [GameManager.cs] - [TileClicked]:	clicked (15,3)
[07/11/2020 14:34:59 (UTC)] - [Log] - [GameManager.cs] - [TileClicked]:	move 15,2 to 15,3
[07/11/2020 14:35:02 (UTC)] - [Log] - [GameManager.cs] - [TileClicked]:	clicked (2,15)
[07/11/2020 14:35:03 (UTC)] - [Log] - [GameManager.cs] - [TileClicked]:	clicked (3,15)
[07/11/2020 14:35:03 (UTC)] - [Log] - [GameManager.cs] - [TileClicked]:	move 2,15 to 3,15
[07/11/2020 14:35:04 (UTC)] - [Log] - [GameManager.cs] - [TileClicked]:	clicked (1,2)
[07/11/2020 14:35:05 (UTC)] - [Log] - [GameManager.cs] - [TileClicked]:	clicked (7,8)
[07/11/2020 14:35:05 (UTC)] - [Log] - [GameManager.cs] - [TileClicked]:	move 1,2 to 7,8
[07/11/2020 14:35:06 (UTC)] - [Log] - [GameManager.cs] - [TileClicked]:	clicked (13,15)
[07/11/2020 14:35:07 (UTC)] - [Log] - [GameManager.cs] - [TileClicked]:	clicked (12,15)
[07/11/2020 14:35:07 (UTC)] - [Log] - [GameManager.cs] - [TileClicked]:	move 13,15 to 12,15
[07/11/2020 14:35:08 (UTC)] - [Log] - [GameManager.cs] - [TileClicked]:	clicked (14,2)
[07/11/2020 14:35:09 (UTC)] - [Log] - [GameManager.cs] - [TileClicked]:	clicked (15,3)
[07/11/2020 14:35:09 (UTC)] - [Log] - [GameManager.cs] - [TileClicked]:	move 14,2 to 15,3
[07/11/2020 14:35:09 (UTC)] - [Log] - [GameManager.cs] - [IsBlocked]:	Rook (15,3) in the way!
[07/11/2020 14:35:11 (UTC)] - [Log] - [GameManager.cs] - [TileClicked]:	clicked (14,2)
[07/11/2020 14:35:12 (UTC)] - [Log] - [GameManager.cs] - [TileClicked]:	clicked (12,0)
[07/11/2020 14:35:12 (UTC)] - [Log] - [GameManager.cs] - [TileClicked]:	move 14,2 to 12,0
[07/11/2020 14:35:12 (UTC)] - [Log] - [GameManager.cs] - [IsBlocked]:	Bishop (13,1) in the way!
[07/11/2020 14:35:14 (UTC)] - [Log] - [GameManager.cs] - [TileClicked]:	clicked (14,2)
[07/11/2020 14:35:14 (UTC)] - [Log] - [GameManager.cs] - [TileClicked]:	clicked (13,3)
[07/11/2020 14:35:14 (UTC)] - [Log] - [GameManager.cs] - [TileClicked]:	move 14,2 to 13,3
[07/11/2020 14:35:15 (UTC)] - [Log] - [GameManager.cs] - [TileClicked]:	clicked (2,14)
[07/11/2020 14:35:16 (UTC)] - [Log] - [GameManager.cs] - [TileClicked]:	clicked (3,13)
[07/11/2020 14:35:16 (UTC)] - [Log] - [GameManager.cs] - [TileClicked]:	move 2,14 to 3,13
[07/11/2020 14:35:21 (UTC)] - [Log] - [GameManager.cs] - [TileClicked]:	clicked (7,8)
[07/11/2020 14:35:21 (UTC)] - [Log] - [GameManager.cs] - [TileClicked]:	clicked (8,7)
[07/11/2020 14:35:21 (UTC)] - [Log] - [GameManager.cs] - [TileClicked]:	move 7,8 to 8,7
[07/11/2020 14:35:23 (UTC)] - [Log] - [GameManager.cs] - [TileClicked]:	clicked (13,14)
[07/11/2020 14:35:24 (UTC)] - [Log] - [GameManager.cs] - [TileClicked]:	clicked (11,12)
[07/11/2020 14:35:24 (UTC)] - [Log] - [GameManager.cs] - [TileClicked]:	move 13,14 to 11,12
[07/11/2020 14:35:26 (UTC)] - [Log] - [GameManager.cs] - [TileClicked]:	clicked (13,3)
[07/11/2020 14:35:26 (UTC)] - [Log] - [GameManager.cs] - [TileClicked]:	clicked (12,4)
[07/11/2020 14:35:26 (UTC)] - [Log] - [GameManager.cs] - [TileClicked]:	move 13,3 to 12,4
[07/11/2020 14:35:27 (UTC)] - [Log] - [GameManager.cs] - [TileClicked]:	clicked (3,13)
[07/11/2020 14:35:28 (UTC)] - [Log] - [GameManager.cs] - [TileClicked]:	clicked (4,12)
[07/11/2020 14:35:28 (UTC)] - [Log] - [GameManager.cs] - [TileClicked]:	move 3,13 to 4,12
[07/11/2020 14:35:29 (UTC)] - [Log] - [GameManager.cs] - [TileClicked]:	clicked (2,2)
[07/11/2020 14:35:29 (UTC)] - [Log] - [GameManager.cs] - [TileClicked]:	clicked (4,3)
[07/11/2020 14:35:29 (UTC)] - [Log] - [GameManager.cs] - [TileClicked]:	move 2,2 to 4,3
[07/11/2020 14:35:32 (UTC)] - [Log] - [GameManager.cs] - [TileClicked]:	clicked (11,15)
[07/11/2020 14:35:32 (UTC)] - [Log] - [GameManager.cs] - [TileClicked]:	clicked (10,15)
[07/11/2020 14:35:32 (UTC)] - [Log] - [GameManager.cs] - [TileClicked]:	clicked (12,15)
[07/11/2020 14:35:32 (UTC)] - [Log] - [GameManager.cs] - [TileClicked]:	clicked (10,15)
[07/11/2020 14:35:32 (UTC)] - [Log] - [GameManager.cs] - [TileClicked]:	move 12,15 to 10,15
